make --dry-run --always-make --keep-going --print-directory
make: Entering directory `/Users/hugorecolet/Desktop/42/studs/Cercle4/cub3d'
cd mlx && ./configure
echo "cub3d : minilibx compiled" 
gcc -Wall -Wextra -Werror -g3 -I includes/    -c -o srcs/main.o srcs/main.c
gcc -Wall -Wextra -Werror -g3 -I includes/    -c -o srcs/parsing/parse_texture.o srcs/parsing/parse_texture.c
gcc -Wall -Wextra -Werror -g3 -I includes/    -c -o srcs/parsing/parse_color.o srcs/parsing/parse_color.c
gcc -Wall -Wextra -Werror -g3 -I includes/    -c -o srcs/parsing/parsing.o srcs/parsing/parsing.c
gcc -Wall -Wextra -Werror -g3 -I includes/    -c -o srcs/parsing/parse_map.o srcs/parsing/parse_map.c
gcc -Wall -Wextra -Werror -g3 -I includes/    -c -o srcs/parsing/check_map/check_map.o srcs/parsing/check_map/check_map.c
gcc -Wall -Wextra -Werror -g3 -I includes/    -c -o srcs/parsing/check_map/check_map2.o srcs/parsing/check_map/check_map2.c
gcc -Wall -Wextra -Werror -g3 -I includes/    -c -o srcs/utils/singleton.o srcs/utils/singleton.c
gcc -Wall -Wextra -Werror -g3 -I includes/    -c -o srcs/utils/hasta_la_vista.o srcs/utils/hasta_la_vista.c
gcc -Wall -Wextra -Werror -g3 -I includes/    -c -o srcs/utils/utils_parsing/utils_parsing1.o srcs/utils/utils_parsing/utils_parsing1.c
gcc -Wall -Wextra -Werror -g3 -I includes/    -c -o srcs/utils/utils_parsing/utils_parsing2.o srcs/utils/utils_parsing/utils_parsing2.c
gcc -Wall -Wextra -Werror -g3 -I includes/    -c -o srcs/utils/utils_parsing/utils_max_x_y.o srcs/utils/utils_parsing/utils_max_x_y.c
gcc -Wall -Wextra -Werror -g3 -I includes/    -c -o srcs/hook/hook.o srcs/hook/hook.c
gcc -Wall -Wextra -Werror -g3 -I includes/    -c -o srcs/video/video_loop.o srcs/video/video_loop.c
gcc -Wall -Wextra -Werror -g3 -I includes/    -c -o srcs/video/video_utils.o srcs/video/video_utils.c
gcc -Wall -Wextra -Werror -g3 -I includes/    -c -o srcs/init_player.o srcs/init_player.c
gcc -Wall -Wextra -Werror -g3 -I includes/    -c -o srcs/video/draw_line.o srcs/video/draw_line.c
/Library/Developer/CommandLineTools/usr/bin/make -C libft
make[1]: Entering directory `/Users/hugorecolet/Desktop/42/studs/Cercle4/cub3d/libft'
gcc -Wall -Wextra -Werror -c ft_atoi.c -o ft_atoi.o
gcc -Wall -Wextra -Werror -c ft_isprint.c -o ft_isprint.o
gcc -Wall -Wextra -Werror -c ft_putchar_fd.c -o ft_putchar_fd.o
gcc -Wall -Wextra -Werror -c ft_striteri.c -o ft_striteri.o
gcc -Wall -Wextra -Werror -c ft_strnstr.c -o ft_strnstr.o
gcc -Wall -Wextra -Werror -c ft_bzero.c -o ft_bzero.o
gcc -Wall -Wextra -Werror -c ft_itoa.c -o ft_itoa.o
gcc -Wall -Wextra -Werror -c ft_putendl_fd.c -o ft_putendl_fd.o
gcc -Wall -Wextra -Werror -c ft_strjoin.c -o ft_strjoin.o
gcc -Wall -Wextra -Werror -c ft_strrchr.c -o ft_strrchr.o
gcc -Wall -Wextra -Werror -c ft_calloc.c -o ft_calloc.o
gcc -Wall -Wextra -Werror -c ft_memchr.c -o ft_memchr.o
gcc -Wall -Wextra -Werror -c ft_putnbr_fd.c -o ft_putnbr_fd.o
gcc -Wall -Wextra -Werror -c ft_strlcat.c -o ft_strlcat.o
gcc -Wall -Wextra -Werror -c ft_strtrim.c -o ft_strtrim.o
gcc -Wall -Wextra -Werror -c ft_isalnum.c -o ft_isalnum.o
gcc -Wall -Wextra -Werror -c ft_memcmp.c -o ft_memcmp.o
gcc -Wall -Wextra -Werror -c ft_putstr_fd.c -o ft_putstr_fd.o
gcc -Wall -Wextra -Werror -c ft_strlcpy.c -o ft_strlcpy.o
gcc -Wall -Wextra -Werror -c ft_substr.c -o ft_substr.o
gcc -Wall -Wextra -Werror -c ft_isalpha.c -o ft_isalpha.o
gcc -Wall -Wextra -Werror -c ft_memcpy.c -o ft_memcpy.o
gcc -Wall -Wextra -Werror -c ft_split.c -o ft_split.o
gcc -Wall -Wextra -Werror -c ft_strlen.c -o ft_strlen.o
gcc -Wall -Wextra -Werror -c ft_tolower.c -o ft_tolower.o
gcc -Wall -Wextra -Werror -c ft_isascii.c -o ft_isascii.o
gcc -Wall -Wextra -Werror -c ft_memmove.c -o ft_memmove.o
gcc -Wall -Wextra -Werror -c ft_strchr.c -o ft_strchr.o
gcc -Wall -Wextra -Werror -c ft_strmapi.c -o ft_strmapi.o
gcc -Wall -Wextra -Werror -c ft_toupper.c -o ft_toupper.o
gcc -Wall -Wextra -Werror -c ft_isdigit.c -o ft_isdigit.o
gcc -Wall -Wextra -Werror -c ft_memset.c -o ft_memset.o
gcc -Wall -Wextra -Werror -c ft_strdup.c -o ft_strdup.o
gcc -Wall -Wextra -Werror -c ft_strncmp.c -o ft_strncmp.o
gcc -Wall -Wextra -Werror -c get_next_line.c -o get_next_line.o
gcc -Wall -Wextra -Werror -c get_next_line_utils.c -o get_next_line_utils.o
gcc -Wall -Wextra -Werror -c ft_lstnew.c -o ft_lstnew.o
gcc -Wall -Wextra -Werror -c ft_lstadd_back.c -o ft_lstadd_back.o
gcc -Wall -Wextra -Werror -c ft_lstadd_front.c -o ft_lstadd_front.o
gcc -Wall -Wextra -Werror -c ft_lstsize.c -o ft_lstsize.o
gcc -Wall -Wextra -Werror -c ft_lstlast.c -o ft_lstlast.o
gcc -Wall -Wextra -Werror -c ft_lstdelone.c -o ft_lstdelone.o
gcc -Wall -Wextra -Werror -c ft_lstclear.c -o ft_lstclear.o
gcc -Wall -Wextra -Werror -c ft_lstiter.c -o ft_lstiter.o
gcc -Wall -Wextra -Werror -c ft_lstmap.c -o ft_lstmap.o
ar -rcs libft.a ft_atoi.o ft_isprint.o ft_putchar_fd.o ft_striteri.o ft_strnstr.o ft_bzero.o ft_itoa.o ft_putendl_fd.o ft_strjoin.o ft_strrchr.o ft_calloc.o ft_memchr.o ft_putnbr_fd.o ft_strlcat.o ft_strtrim.o ft_isalnum.o ft_memcmp.o ft_putstr_fd.o ft_strlcpy.o ft_substr.o ft_isalpha.o ft_memcpy.o ft_split.o ft_strlen.o ft_tolower.o ft_isascii.o ft_memmove.o ft_strchr.o ft_strmapi.o ft_toupper.o ft_isdigit.o ft_memset.o ft_strdup.o ft_strncmp.o get_next_line.o get_next_line_utils.o ft_lstnew.o ft_lstadd_back.o ft_lstadd_front.o ft_lstsize.o ft_lstlast.o ft_lstdelone.o ft_lstclear.o ft_lstiter.o ft_lstmap.o
make[1]: Leaving directory `/Users/hugorecolet/Desktop/42/studs/Cercle4/cub3d/libft'
echo "cub3d : libft compiled"
gcc -g -Wall -Wextra -Werror -g3 -I includes/  -o cub3d srcs/main.o srcs/parsing/parse_texture.o srcs/parsing/parse_color.o srcs/parsing/parsing.o srcs/parsing/parse_map.o srcs/parsing/check_map/check_map.o srcs/parsing/check_map/check_map2.o srcs/utils/singleton.o srcs/utils/hasta_la_vista.o srcs/utils/utils_parsing/utils_parsing1.o srcs/utils/utils_parsing/utils_parsing2.o srcs/utils/utils_parsing/utils_max_x_y.o srcs/hook/hook.o srcs/video/video_loop.o srcs/video/video_utils.o srcs/init_player.o srcs/video/draw_line.o includes/cub3d.h libft/libft.a -Lmlx -lmlx_Linux -lXext -lX11 -lm -lz
echo "cub3d : compiled"
make: Leaving directory `/Users/hugorecolet/Desktop/42/studs/Cercle4/cub3d'
 
