make all --print-data-base --no-builtin-variables --no-builtin-rules --question
# GNU Make 3.81
# Copyright (C) 2006  Free Software Foundation, Inc.
# This is free software; see the source for copying conditions.
# There is NO warranty; not even for MERCHANTABILITY or FITNESS FOR A
# PARTICULAR PURPOSE.

# This program built for i386-apple-darwin11.3.0
 

# Make data base, printed on Wed Jun  8 23:14:51 2022

# Variables

# automatic
 
<D = $(patsubst %/,%,$(dir $<))
# automatic
?F = $(notdir $?)
# environment
VSCODE_LOG_NATIVE = false
# automatic
?D = $(patsubst %/,%,$(dir $?))
# automatic
@D = $(patsubst %/,%,$(dir $@))
# automatic
@F = $(notdir $@)
# makefile
CURDIR := /Users/hugorecolet/Desktop/42/studs/Cercle4/cub3d
# makefile
SHELL = /bin/sh
# makefile (from `Makefile', line 41)
RM = rm -f
# environment
VSCODE_NLS_CONFIG = {"locale":"fr","availableLanguages":{"*":"fr"},"_languagePackId":"25fe6a3290ec415596628d4afc87a88c.fr","_translationsConfigFile":"/Users/hugorecolet/Library/Application Support/Code/clp/25fe6a3290ec415596628d4afc87a88c.fr/tcf.json","_cacheRoot":"/Users/hugorecolet/Library/Application Support/Code/clp/25fe6a3290ec415596628d4afc87a88c.fr","_resolvedLanguagePackCoreLocation":"/Users/hugorecolet/Library/Application Support/Code/clp/25fe6a3290ec415596628d4afc87a88c.fr/c3511e6c69bb39013c4a4b7b9566ec1ca73fc4d5","_corruptedFile":"/Users/hugorecolet/Library/Application Support/Code/clp/25fe6a3290ec415596628d4afc87a88c.fr/corrupted.info","_languagePackSupport":true}
# makefile (from `Makefile', line 37)
MLX = mlx_Linux
# environment
_ = /usr/bin/make
# makefile (from `Makefile', line 35)
CFLAGS = -Wall -Wextra -Werror -g3 -I includes/ 
# makefile (from `Makefile', line 1)
MAKEFILE_LIST :=  Makefile
# environment
VSCODE_VERBOSE_LOGGING = true
# environment
__CFBundleIdentifier = com.microsoft.VSCode
# environment
INFOPATH = /opt/homebrew/share/info:
# environment
VSCODE_IPC_HOOK_EXTHOST = /var/folders/np/3n81l2wd7gv0vjgd1vccsr8w0000gn/T/vscode-ipc-b488c151-dbcf-48a7-b10d-3d796cdfa3e9.sock
# environment
VSCODE_CWD = /
# environment
PATH = /Library/Frameworks/Python.framework/Versions/3.8/bin:/opt/homebrew/bin:/opt/homebrew/sbin:/Library/Frameworks/Python.framework/Versions/3.9/bin:/usr/local/bin:/usr/bin:/bin:/usr/sbin:/sbin:/opt/X11/bin:/Library/Frameworks/Mono.framework/Versions/Current/Commands:/Users/hugorecolet/.spicetify:/opt/homebrew/bin:/opt/homebrew/sbin:/Library/Frameworks/Python.framework/Versions/3.9/bin
# environment
LSCOLORS = Gxfxcxdxbxegedabagacad
# environment
LaunchInstanceID = 95C0C1E0-20F9-479E-893D-8ECAB0D24963
# environment
VSCODE_LOG_STACK = false
# environment
ELECTRON_RUN_AS_NODE = 1
# default
.FEATURES := target-specific order-only second-expansion else-if archives jobserver check-symlink
# makefile (from `Makefile', line 45)
MLX_MACOS = -Lmlx -framework OpenGL -framework AppKit
# environment
SSH_AUTH_SOCK = /private/tmp/com.apple.launchd.0fHpMr0heK/Listeners
# automatic
%F = $(notdir $%)
# environment
DISPLAY = /private/tmp/com.apple.launchd.IoJLrutAMq/org.xquartz:0
# environment
VSCODE_PIPE_LOGGING = true
# makefile (from `Makefile', line 39)
OBJS = $(SRCS:.c=.o)
# environment
PWD = /Users/hugorecolet/Desktop/42/studs/Cercle4/cub3d
# environment
HOMEBREW_CELLAR = /opt/homebrew/Cellar
# environment
ORIGINAL_XDG_CURRENT_DESKTOP = undefined
# environment
MANPATH = /opt/homebrew/share/man::
# environment
VSCODE_AMD_ENTRYPOINT = vs/workbench/api/node/extensionHostProcess
# environment
HOME = /Users/hugorecolet
# default
MAKEFILEPATH = $(shell /usr/bin/xcode-select -print-path 2>/dev/null || echo /Developer)/Makefiles
# environment
VSCODE_CODE_CACHE_PATH = /Users/hugorecolet/Library/Application Support/Code/CachedData/c3511e6c69bb39013c4a4b7b9566ec1ca73fc4d5
# environment
LOGNAME = hugorecolet
# environment
APPLICATION_INSIGHTS_NO_DIAGNOSTIC_CHANNEL = true
# environment
ZSH = /Users/hugorecolet/.oh-my-zsh
# environment
VSCODE_HANDLES_UNCAUGHT_ERRORS = true
# automatic
^D = $(patsubst %/,%,$(dir $^))
# environment
XPC_FLAGS = 0x0
# default
MAKE = $(MAKE_COMMAND)
# default
MAKECMDGOALS := all
# makefile (from `Makefile', line 13)
SRCS = srcs/main.c srcs/parsing/parse_texture.c srcs/parsing/parse_color.c srcs/parsing/parsing.c srcs/parsing/parse_map.c srcs/parsing/check_map/check_map.c srcs/parsing/check_map/check_map2.c srcs/utils/singleton.c srcs/utils/hasta_la_vista.c srcs/utils/utils_parsing/utils_parsing1.c srcs/utils/utils_parsing/utils_parsing2.c srcs/utils/utils_parsing/utils_max_x_y.c srcs/hook/hook.c srcs/video/video_loop.c srcs/video/video_utils.c srcs/init_player.c srcs/video/draw_line.c 
# environment
SHLVL = 1
# makefile (from `Makefile', line 33)
CC = gcc
 
# default
MAKE_VERSION := 3.81
# environment
USER = hugorecolet
# makefile
.DEFAULT_GOAL := all
# makefile (from `Makefile', line 43)
NAME = cub3d
# environment
LESS = -R
# automatic
%D = $(patsubst %/,%,$(dir $%))
# default
MAKE_COMMAND := /Library/Developer/CommandLineTools/usr/bin/make
# makefile (from `Makefile', line 31)
INC = includes/cub3d.h
# default
.VARIABLES := 
# environment
TMPDIR = /var/folders/np/3n81l2wd7gv0vjgd1vccsr8w0000gn/T/
# automatic
*F = $(notdir $*)
# environment
VSCODE_IPC_HOOK = /Users/hugorecolet/Library/Application Support/Code/1.67.2-main.sock
# makefile
MAKEFLAGS = Rrqp
# environment
MFLAGS = -Rrqp
# automatic
*D = $(patsubst %/,%,$(dir $*))
# environment
XPC_SERVICE_NAME = application.com.microsoft.VSCode.32999609.32999615
# environment
HOMEBREW_PREFIX = /opt/homebrew
# automatic
+D = $(patsubst %/,%,$(dir $+))
# automatic
+F = $(notdir $+)
# environment
HOMEBREW_REPOSITORY = /opt/homebrew
# environment
__CF_USER_TEXT_ENCODING = 0x1F5:0x0:0x1
# environment
COMMAND_MODE = unix2003
# default
MAKEFILES := 
# automatic
<F = $(notdir $<)
# environment
PAGER = less
# environment
LC_ALL = C
# environment
SECURITYSESSIONID = 186b2
# automatic
^F = $(notdir $^)
# default
SUFFIXES := 
# default
.INCLUDE_DIRS = /usr/local/include
# environment
MAKELEVEL := 0
# environment
LANG = C
# environment
VSCODE_PID = 609
# variable set hash-table stats:
# Load=83/1024=8%, Rehash=0, Collisions=7/118=6%

# Pattern-specific Variable Values

# No pattern-specific variable values.

# Directories

# . (device 16777232, inode 33588759): 14 files, no impossibilities.

# 14 files, no impossibilities in 1 directories.

# Implicit Rules

# No implicit rules.

# Files

# Not a target:
srcs/parsing/parse_texture.o:
#  Implicit rule search has not been done.
#  Modification time never checked.
#  File has not been updated.

# Not a target:
includes/cub3d.h:
#  Implicit rule search has not been done.
#  Modification time never checked.
#  File has not been updated.

# Not a target:
srcs/utils/hasta_la_vista.o:
#  Implicit rule search has not been done.
#  Modification time never checked.
#  File has not been updated.

all: cub3d
#  Phony target (prerequisite of .PHONY).
#  Command-line target.
#  Implicit rule search has not been done.
#  File does not exist.
#  File has been updated.
#  Needs to be updated (-q is set).
# variable set hash-table stats:
# Load=0/32=0%, Rehash=0, Collisions=0/2=0%

.PHONY: bonus all clean fclean re test_leaks
#  Implicit rule search has not been done.
#  Modification time never checked.
#  File has not been updated.

# Not a target:
srcs/utils/utils_parsing/utils_max_x_y.o:
#  Implicit rule search has not been done.
#  Modification time never checked.
#  File has not been updated.

cub3d: mlx_Linux srcs/main.o srcs/parsing/parse_texture.o srcs/parsing/parse_color.o srcs/parsing/parsing.o srcs/parsing/parse_map.o srcs/parsing/check_map/check_map.o srcs/parsing/check_map/check_map2.o srcs/utils/singleton.o srcs/utils/hasta_la_vista.o srcs/utils/utils_parsing/utils_parsing1.o srcs/utils/utils_parsing/utils_parsing2.o srcs/utils/utils_parsing/utils_max_x_y.o srcs/hook/hook.o srcs/video/video_loop.o srcs/video/video_utils.o srcs/init_player.o srcs/video/draw_line.o includes/cub3d.h
#  Implicit rule search has not been done.
#  Last modified 2022-06-08 23:11:48
#  File has been updated.
#  Needs to be updated (-q is set).
# variable set hash-table stats:
# Load=0/32=0%, Rehash=0, Collisions=0/2=0%
#  commands to execute (from `Makefile', line 54):
	@$(MAKE) -C libft
	@echo "cub3d : libft compiled"
	$(CC) -g $(CFLAGS) -o $(NAME) $(OBJS) $(INC) libft/libft.a -Lmlx -lmlx_Linux -lXext -lX11 -lm -lz
	@echo "cub3d : compiled"
	

libft:
#  Implicit rule search has not been done.
#  Modification time never checked.
#  File has not been updated.
#  commands to execute (from `Makefile', line 70):
	

# Not a target:
.SUFFIXES:
#  Implicit rule search has not been done.
#  Modification time never checked.
#  File has not been updated.

# Not a target:
srcs/video/video_utils.o:
#  Implicit rule search has not been done.
#  Modification time never checked.
#  File has not been updated.

# Not a target:
Makefile:
#  Implicit rule search has been done.
#  Last modified 2022-06-08 23:05:10
#  File has been updated.
#  Successfully updated.
# variable set hash-table stats:
# Load=0/32=0%, Rehash=0, Collisions=0/0=0%

# Not a target:
srcs/parsing/parse_color.o:
#  Implicit rule search has not been done.
 
#  Modification time never checked.
#  File has not been updated.

# Not a target:
srcs/init_player.o:
#  Implicit rule search has not been done.
#  Modification time never checked.
#  File has not been updated.

# Not a target:
srcs/parsing/check_map/check_map2.o:
#  Implicit rule search has not been done.
#  Modification time never checked.
#  File has not been updated.

# Not a target:
srcs/parsing/parse_map.o:
#  Implicit rule search has not been done.
#  Modification time never checked.
#  File has not been updated.

bonus:
#  Phony target (prerequisite of .PHONY).
#  Implicit rule search has not been done.
#  File does not exist.
#  File has not been updated.

fclean: clean
#  Phony target (prerequisite of .PHONY).
#  Implicit rule search has not been done.
#  File does not exist.
#  File has not been updated.
#  commands to execute (from `Makefile', line 79):
	@$(MAKE) -C libft fclean
	@$(RM) $(NAME)
	@echo "cub3d : objects and name has been erased"
	

# Not a target:
srcs/utils/utils_parsing/utils_parsing1.o:
#  Implicit rule search has not been done.
#  Modification time never checked.
#  File has not been updated.

# Not a target:
.DEFAULT:
#  Implicit rule search has not been done.
#  Modification time never checked.
#  File has not been updated.

re: fclean all
#  Phony target (prerequisite of .PHONY).
#  Implicit rule search has not been done.
#  File does not exist.
#  File has not been updated.

clean:
#  Phony target (prerequisite of .PHONY).
#  Implicit rule search has not been done.
#  File does not exist.
#  File has not been updated.
#  commands to execute (from `Makefile', line 73):
	@$(MAKE) -C libft clean
	@$(RM) $(OBJS)
	cd mlx && ./configure clean
	@echo "cub3d : objects has been erased"
	

# Not a target:
srcs/utils/utils_parsing/utils_parsing2.o:
#  Implicit rule search has not been done.
#  Modification time never checked.
#  File has not been updated.

# Not a target:
srcs/hook/hook.o:
#  Implicit rule search has not been done.
#  Modification time never checked.
#  File has not been updated.

test_leaks:
#  Phony target (prerequisite of .PHONY).
#  Implicit rule search has not been done.
#  File does not exist.
#  File has not been updated.
#  commands to execute (from `Makefile', line 86):
	valgrind $(NAME)
	

# Not a target:
srcs/video/video_loop.o:
#  Implicit rule search has not been done.
#  Modification time never checked.
#  File has not been updated.

# Not a target:
srcs/parsing/parsing.o:
#  Implicit rule search has not been done.
#  Modification time never checked.
#  File has not been updated.

mlx_Linux:
#  Implicit rule search has not been done.
#  Implicit/static pattern stem: `'
#  File does not exist.
#  File has been updated.
#  Needs to be updated (-q is set).
# automatic
# @ := mlx_Linux
# automatic
# % := 
# automatic
# * := 
# automatic
# + := 
# automatic
# | := 
# automatic
# < := 
# automatic
# ^ := 
# automatic
# ? := 
# variable set hash-table stats:
# Load=8/32=25%, Rehash=0, Collisions=1/10=10%
#  commands to execute (from `Makefile', line 60):
	cd mlx && ./configure
	@echo "cub3d : minilibx compiled" 
	

# Not a target:
srcs/video/draw_line.o:
#  Implicit rule search has not been done.
#  Modification time never checked.
#  File has not been updated.

# Not a target:
srcs/utils/singleton.o:
#  Implicit rule search has not been done.
#  Modification time never checked.
#  File has not been updated.

# Not a target:
srcs/parsing/check_map/check_map.o:
#  Implicit rule search has not been done.
#  Modification time never checked.
#  File has not been updated.

# Not a target:
srcs/main.o:
#  Implicit rule search has not been done.
#  Modification time never checked.
#  File has not been updated.

macos: srcs/main.o srcs/parsing/parse_texture.o srcs/parsing/parse_color.o srcs/parsing/parsing.o srcs/parsing/parse_map.o srcs/parsing/check_map/check_map.o srcs/parsing/check_map/check_map2.o srcs/utils/singleton.o srcs/utils/hasta_la_vista.o srcs/utils/utils_parsing/utils_parsing1.o srcs/utils/utils_parsing/utils_parsing2.o srcs/utils/utils_parsing/utils_max_x_y.o srcs/hook/hook.o srcs/video/video_loop.o srcs/video/video_utils.o srcs/init_player.o srcs/video/draw_line.o
#  Implicit rule search has not been done.
#  Modification time never checked.
#  File has not been updated.
#  commands to execute (from `Makefile', line 64):
	$(MAKE) -C libft
	@echo "cub3d : libft compiled"
	@$(CC) $(MLX_MACOS) $(CFLAGS) $^ minilibx_macos/libmlx.a libft/libft.a -o $(NAME)
	@echo "cub3d : compiled"
	

# files hash-table stats:
# Load=32/1024=3%, Rehash=0, Collisions=0/92=0%
# VPATH Search Paths

# No `vpath' search paths.

# No general (`VPATH' variable) search path.

# # of strings in strcache: 1
# # of strcache buffers: 1
# strcache size: total = 4096 / max = 4096 / min = 4096 / avg = 4096
# strcache free: total = 4087 / max = 4087 / min = 4087 / avg = 4087

# Finished Make data base on Wed Jun  8 23:14:51 2022

 
